<?xml version="1.0" encoding="UTF-8"?>
<testsuite xmlns:xsi="http://www.w3.org/2001/XMLSchema-instance" xsi:noNamespaceSchemaLocation="https://maven.apache.org/surefire/maven-surefire-plugin/xsd/surefire-test-report.xsd" name="Facade.HelloTest" time="0.001" tests="5" errors="0" skipped="0" failures="0">
  <properties>
[...]
</properties>
  <testcase name="testSeveralNames" classname="Facade.HelloTest" time="0"/>
  <testcase name="testNameIsNull" classname="Facade.HelloTest" time="0"/>
  <testcase name="hello" classname="Facade.HelloTest" time="0"/>
  <testcase name="oxfordCommatest" classname="Facade.HelloTest" time="0.001"/>
  <testcase name="testIfNameIsShout" classname="Facade.HelloTest" time="0"/>
</testsuite>